Loading plugin: /Users/ryan/Projects/personal/precipitation-io/rain_barrels/util/../../plugins/plugin_example
PluginTest registered
PluginTest resevoir: 20.83% - 48.11L
Loading plugin: /Users/ryan/Projects/personal/precipitation-io/rain_barrels/util/../../plugins/plugin_example
PluginTest registered
PluginTest resevoir: 20.83% - 48.11L
Loading plugin: plugin_example
PluginTest registered
PluginTest resevoir: 20.83% - 48.11L
KeyError loading resevoir config. Refer to the example config for expected values: 'dead_zone_cm'
KeyError loading resevoir config. Refer to the example config for expected values.
'dead_zone_cm'
KeyError loading resevoir config. Refer to example-resevoir.config.json for expected values.
'dead_zone_cm'
KeyError loading resevoir config. Refer to example-resevoir.config.json for expected values.
'dead_zone_cm'
Loading plugins...
Loading plugins...
Loading plugin: test_plugin
Loading plugins...
Loading plugin: test_plugin
PluginTest registered
PluginTest resevoir: 0.0% - 0L
Loading plugins...
Loading plugin: test_plugin
PluginTest registered
PluginTest resevoir: 0.0% - 0L
Loading plugins...
Loading plugin: test_plugin
PluginTest registered
PluginTest resevoir: 0.0% - 0L
Loading plugins...
Loading plugin: test_plugin
Loading plugins...
Loading plugins...
Loading plugins...
Loading plugin: plugin_example
Loading plugins...
Loading plugin: plugin_example
Loading plugins...
Loading plugin: plugin_example
Loading plugins...
Loading plugin: plugin_example
Loading plugins...
Loading plugin: plugin_example
Loading plugins...
Loading plugin: plugin_example
Loading plugins...
Loading plugin: plugin_example
Loading plugins...
Loading plugins...
Loading plugins...
Plugin __pycache__ is disabled
Plugin ____sensor_data_collector.py is disabled
Plugin plugin_example is disabled
Plugin ____lcd_display.py is disabled
Plugin __init__.py is disabled
Loading plugins...
Plugin __pycache__ is disabled
Plugin ____sensor_data_collector.py is disabled
Plugin ____lcd_display.py is disabled
Plugin __init__.py is disabled
Loading plugins...
Plugin plugin_example is disabled
Loading plugins...
Plugin config: {'plugin_example': {'enabled': True, 'polling_rate': 3}}
Plugin plugin_example is disabled
Loading plugins...
Plugin config: {'plugin_example': {'enabled': True, 'polling_rate': 3}}
Loading plugin: plugin_example
Loading plugins...
Loading plugin: plugin_example
